<?xml version="1.0" encoding="UTF-8"?>
<!-- Generated by org.testng.reporters.JUnitReportReporter -->
<testsuite skipped="0" hostname="Manish" name="allinone" tests="3" failures="0" timestamp="27 Jul 2017 14:27:50 GMT" time="45.531" errors="0">
  <testcase name="openBrowser" time="12.437" classname="allinone"/>
  <testcase name="openBrowser" time="10.610" classname="allinone"/>
  <testcase name="openBrowser" time="22.484" classname="allinone"/>
</testsuite> <!-- allinone -->
